<testsuite name="features.home_page.Customer dropdown" tests="3" errors="0" failures="0" skipped="0" time="2.147105" timestamp="2026-03-17T09:36:41.015594" hostname="RS-2HT3CB4"><testcase classname="features.home_page.Customer dropdown" name="Default option shows &quot;Select Customer&quot;" status="passed" time="0.904232"><system-out>
<![CDATA[
@scenario.begin
  Scenario: Default option shows "Select Customer"
    Given the app is running ... passed in 0.000s
    When I open the home page ... passed in 0.800s
    Then the customer dropdown default is "Select Customer" ... passed in 0.104s

@scenario.end
--------------------------------------------------------------------------------
]]>
</system-out></testcase><testcase classname="features.home_page.Customer dropdown" name="Customer dropdown is rendered and functional" status="passed" time="0.250825"><system-out>
<![CDATA[
@scenario.begin
  Scenario: Customer dropdown is rendered and functional
    Given I am on the home page ... passed in 0.102s
    When I click the customer dropdown ... passed in 0.115s
    Then the dropdown should be visible and contain options ... passed in 0.034s

@scenario.end
--------------------------------------------------------------------------------
]]>
</system-out></testcase><testcase classname="features.home_page.Customer dropdown" name="Customer dropdown is populated from API and selection persists" status="passed" time="0.992049"><system-out>
<![CDATA[
@scenario.begin

  @api
  Scenario: Customer dropdown is populated from API and selection persists
    Given I am on the home page ... passed in 0.076s
    When I wait for the customer dropdown to be populated from the API ... passed in 0.636s
    And I select the first available customer ... passed in 0.259s
    Then the selected customer remains selected in the dropdown ... passed in 0.021s

@scenario.end
--------------------------------------------------------------------------------
]]>
</system-out></testcase></testsuite>